{
  "stats": {
    "suites": 1,
    "tests": 1,
    "passes": 1,
    "pending": 0,
    "failures": 0,
    "start": "2024-12-24T02:16:09.008Z",
    "end": "2024-12-24T02:16:22.507Z",
    "duration": 13499,
    "testsRegistered": 1,
    "passPercent": 100,
    "pendingPercent": 0,
    "other": 0,
    "hasOther": false,
    "skipped": 0,
    "hasSkipped": false
  },
  "results": [
    {
      "uuid": "ebd97dd9-b531-43ca-9967-711ada422c46",
      "title": "",
      "fullFile": "cypress\\e2e\\registration.cy.js",
      "file": "cypress\\e2e\\registration.cy.js",
      "beforeHooks": [],
      "afterHooks": [],
      "tests": [],
      "suites": [
        {
          "uuid": "e6571bf9-fa65-42aa-a8c6-b3fcbfcf4900",
          "title": "Register new user",
          "fullFile": "",
          "file": "",
          "beforeHooks": [],
          "afterHooks": [],
          "tests": [
            {
              "title": "Success Login",
              "fullTitle": "Register new user Success Login",
              "timedOut": null,
              "duration": 9102,
              "state": "passed",
              "speed": "medium",
              "pass": true,
              "fail": false,
              "pending": false,
              "context": null,
              "code": "loginPage.createAccount();\ncreateAccountPage.createNewAccout();\ncy.get(accountPage.locators.successMessageArea).should('contain', 'Thank you for registering with Main Website Store.');",
              "err": {},
              "uuid": "7765e8fb-79b5-4455-946a-e023c7b512ed",
              "parentUUID": "e6571bf9-fa65-42aa-a8c6-b3fcbfcf4900",
              "isHook": false,
              "skipped": false
            }
          ],
          "suites": [],
          "passes": [
            "7765e8fb-79b5-4455-946a-e023c7b512ed"
          ],
          "failures": [],
          "pending": [],
          "skipped": [],
          "duration": 9102,
          "root": false,
          "rootEmpty": false,
          "_timeout": 2000
        }
      ],
      "passes": [],
      "failures": [],
      "pending": [],
      "skipped": [],
      "duration": 0,
      "root": true,
      "rootEmpty": true,
      "_timeout": 2000
    }
  ],
  "meta": {
    "mocha": {
      "version": "7.0.1"
    },
    "mochawesome": {
      "options": {
        "quiet": false,
        "reportFilename": "mochawesome",
        "saveHtml": true,
        "saveJson": true,
        "consoleReporter": "spec",
        "useInlineDiffs": false,
        "code": true
      },
      "version": "7.1.3"
    },
    "marge": {
      "options": {
        "reportDir": "./cypress/results",
        "overwrite": true,
        "html": true,
        "json": true
      },
      "version": "6.2.0"
    }
  }
}